# JRE version: OpenJDK Runtime Environment (7.0_55-b14) (build 1.7.0_55-b14)
# Java VM: OpenJDK 64-Bit Server VM (24.51-b03 mixed mode linux-amd64 compressed oops)
Heap
 PSYoungGen      total 230400K, used 0K [0x00000000eaa80000, 0x00000000ffd00000, 0x0000000100000000)
  eden space 117248K, 0% used [0x00000000eaa80000,0x00000000eaa80000,0x00000000f1d00000)
  from space 113152K, 0% used [0x00000000f8e80000,0x00000000f8e80000,0x00000000ffd00000)
  to   space 114688K, 0% used [0x00000000f1d00000,0x00000000f1d00000,0x00000000f8d00000)
 ParOldGen       total 410624K, used 395369K [0x00000000c0000000, 0x00000000d9100000, 0x00000000eaa80000)
  object space 410624K, 96% used [0x00000000c0000000,0x00000000d821a598,0x00000000d9100000)
 PSPermGen       total 21504K, used 6114K [0x00000000b5a00000, 0x00000000b6f00000, 0x00000000c0000000)
  object space 21504K, 28% used [0x00000000b5a00000,0x00000000b5ff8900,0x00000000b6f00000)
GC Heap History (10 events):
Event: 13.628 GC heap after
Heap after GC invocations=20 (full 4):
 PSYoungGen      total 235520K, used 48133K [0x00000000eaa80000, 0x0000000100000000, 0x0000000100000000)
  eden space 147968K, 0% used [0x00000000eaa80000,0x00000000eaa80000,0x00000000f3b00000)
  from space 87552K, 54% used [0x00000000faa80000,0x00000000fd981420,0x0000000100000000)
  to   space 100864K, 0% used [0x00000000f3b00000,0x00000000f3b00000,0x00000000f9d80000)
 ParOldGen       total 410624K, used 266465K [0x00000000c0000000, 0x00000000d9100000, 0x00000000eaa80000)
  object space 410624K, 64% used [0x00000000c0000000,0x00000000d04387c8,0x00000000d9100000)
 PSPermGen       total 21504K, used 6101K [0x00000000b5a00000, 0x00000000b6f00000, 0x00000000c0000000)
  object space 21504K, 28% used [0x00000000b5a00000,0x00000000b5ff5540,0x00000000b6f00000)
}
Event: 13.969 GC heap before
{Heap before GC invocations=21 (full 4):
 PSYoungGen      total 235520K, used 196101K [0x00000000eaa80000, 0x0000000100000000, 0x0000000100000000)
  eden space 147968K, 100% used [0x00000000eaa80000,0x00000000f3b00000,0x00000000f3b00000)
  from space 87552K, 54% used [0x00000000faa80000,0x00000000fd981420,0x0000000100000000)
  to   space 100864K, 0% used [0x00000000f3b00000,0x00000000f3b00000,0x00000000f9d80000)
 ParOldGen       total 410624K, used 266465K [0x00000000c0000000, 0x00000000d9100000, 0x00000000eaa80000)
  object space 410624K, 64% used [0x00000000c0000000,0x00000000d04387c8,0x00000000d9100000)
 PSPermGen       total 21504K, used 6109K [0x00000000b5a00000, 0x00000000b6f00000, 0x00000000c0000000)
  object space 21504K, 28% used [0x00000000b5a00000,0x00000000b5ff76f8,0x00000000b6f00000)
Event: 14.109 GC heap after
Heap after GC invocations=21 (full 4):
 PSYoungGen      total 222208K, used 74064K [0x00000000eaa80000, 0x0000000100000000, 0x0000000100000000)
  eden space 147968K, 0% used [0x00000000eaa80000,0x00000000eaa80000,0x00000000f3b00000)
  from space 74240K, 99% used [0x00000000f3b00000,0x00000000f8354260,0x00000000f8380000)
  to   space 107008K, 0% used [0x00000000f9780000,0x00000000f9780000,0x0000000100000000)
 ParOldGen       total 410624K, used 266465K [0x00000000c0000000, 0x00000000d9100000, 0x00000000eaa80000)
  object space 410624K, 64% used [0x00000000c0000000,0x00000000d04387c8,0x00000000d9100000)
 PSPermGen       total 21504K, used 6109K [0x00000000b5a00000, 0x00000000b6f00000, 0x00000000c0000000)
  object space 21504K, 28% used [0x00000000b5a00000,0x00000000b5ff76f8,0x00000000b6f00000)
}
Event: 14.448 GC heap before
{Heap before GC invocations=22 (full 4):
 PSYoungGen      total 222208K, used 222032K [0x00000000eaa80000, 0x0000000100000000, 0x0000000100000000)
  eden space 147968K, 100% used [0x00000000eaa80000,0x00000000f3b00000,0x00000000f3b00000)
  from space 74240K, 99% used [0x00000000f3b00000,0x00000000f8354260,0x00000000f8380000)
  to   space 107008K, 0% used [0x00000000f9780000,0x00000000f9780000,0x0000000100000000)
 ParOldGen       total 410624K, used 266465K [0x00000000c0000000, 0x00000000d9100000, 0x00000000eaa80000)
  object space 410624K, 64% used [0x00000000c0000000,0x00000000d04387c8,0x00000000d9100000)
 PSPermGen       total 21504K, used 6111K [0x00000000b5a00000, 0x00000000b6f00000, 0x00000000c0000000)
  object space 21504K, 28% used [0x00000000b5a00000,0x00000000b5ff7dd0,0x00000000b6f00000)
Event: 14.538 GC heap after
Heap after GC invocations=22 (full 4):
 PSYoungGen      total 224256K, used 96256K [0x00000000eaa80000, 0x0000000100000000, 0x0000000100000000)
  eden space 117248K, 0% used [0x00000000eaa80000,0x00000000eaa80000,0x00000000f1d00000)
  from space 107008K, 89% used [0x00000000f9780000,0x00000000ff5802d8,0x0000000100000000)
  to   space 116224K, 0% used [0x00000000f1d00000,0x00000000f1d00000,0x00000000f8e80000)
 ParOldGen       total 410624K, used 266465K [0x00000000c0000000, 0x00000000d9100000, 0x00000000eaa80000)
  object space 410624K, 64% used [0x00000000c0000000,0x00000000d04387c8,0x00000000d9100000)
 PSPermGen       total 21504K, used 6111K [0x00000000b5a00000, 0x00000000b6f00000, 0x00000000c0000000)
  object space 21504K, 28% used [0x00000000b5a00000,0x00000000b5ff7dd0,0x00000000b6f00000)
}
Event: 14.868 GC heap before
{Heap before GC invocations=23 (full 4):
 PSYoungGen      total 224256K, used 213504K [0x00000000eaa80000, 0x0000000100000000, 0x0000000100000000)
  eden space 117248K, 100% used [0x00000000eaa80000,0x00000000f1d00000,0x00000000f1d00000)
  from space 107008K, 89% used [0x00000000f9780000,0x00000000ff5802d8,0x0000000100000000)
  to   space 116224K, 0% used [0x00000000f1d00000,0x00000000f1d00000,0x00000000f8e80000)
 ParOldGen       total 410624K, used 266465K [0x00000000c0000000, 0x00000000d9100000, 0x00000000eaa80000)
  object space 410624K, 64% used [0x00000000c0000000,0x00000000d04387c8,0x00000000d9100000)
 PSPermGen       total 21504K, used 6113K [0x00000000b5a00000, 0x00000000b6f00000, 0x00000000c0000000)
  object space 21504K, 28% used [0x00000000b5a00000,0x00000000b5ff85f0,0x00000000b6f00000)
Event: 14.998 GC heap after
Heap after GC invocations=23 (full 4):
 PSYoungGen      total 233472K, used 66308K [0x00000000eaa80000, 0x0000000100000000, 0x0000000100000000)
  eden space 117248K, 0% used [0x00000000eaa80000,0x00000000eaa80000,0x00000000f1d00000)
  from space 116224K, 57% used [0x00000000f1d00000,0x00000000f5dc1370,0x00000000f8e80000)
  to   space 116224K, 0% used [0x00000000f8e80000,0x00000000f8e80000,0x0000000100000000)
 ParOldGen       total 410624K, used 314189K [0x00000000c0000000, 0x00000000d9100000, 0x00000000eaa80000)
  object space 410624K, 76% used [0x00000000c0000000,0x00000000d32d3708,0x00000000d9100000)
 PSPermGen       total 21504K, used 6113K [0x00000000b5a00000, 0x00000000b6f00000, 0x00000000c0000000)
  object space 21504K, 28% used [0x00000000b5a00000,0x00000000b5ff85f0,0x00000000b6f00000)
}
Event: 15.277 GC heap before
{Heap before GC invocations=24 (full 4):
 PSYoungGen      total 233472K, used 183556K [0x00000000eaa80000, 0x0000000100000000, 0x0000000100000000)
  eden space 117248K, 100% used [0x00000000eaa80000,0x00000000f1d00000,0x00000000f1d00000)
  from space 116224K, 57% used [0x00000000f1d00000,0x00000000f5dc1370,0x00000000f8e80000)
  to   space 116224K, 0% used [0x00000000f8e80000,0x00000000f8e80000,0x0000000100000000)
 ParOldGen       total 410624K, used 314189K [0x00000000c0000000, 0x00000000d9100000, 0x00000000eaa80000)
  object space 410624K, 76% used [0x00000000c0000000,0x00000000d32d3708,0x00000000d9100000)
 PSPermGen       total 21504K, used 6114K [0x00000000b5a00000, 0x00000000b6f00000, 0x00000000c0000000)
  object space 21504K, 28% used [0x00000000b5a00000,0x00000000b5ff8980,0x00000000b6f00000)
Event: 15.379 GC heap after
Heap after GC invocations=24 (full 4):
 PSYoungGen      total 230400K, used 36887K [0x00000000eaa80000, 0x00000000ffd00000, 0x0000000100000000)
  eden space 117248K, 0% used [0x00000000eaa80000,0x00000000eaa80000,0x00000000f1d00000)
  from space 113152K, 32% used [0x00000000f8e80000,0x00000000fb285f50,0x00000000ffd00000)
  to   space 114688K, 0% used [0x00000000f1d00000,0x00000000f1d00000,0x00000000f8d00000)
 ParOldGen       total 410624K, used 362076K [0x00000000c0000000, 0x00000000d9100000, 0x00000000eaa80000)
  object space 410624K, 88% used [0x00000000c0000000,0x00000000d6197198,0x00000000d9100000)
 PSPermGen       total 21504K, used 6114K [0x00000000b5a00000, 0x00000000b6f00000, 0x00000000c0000000)
  object space 21504K, 28% used [0x00000000b5a00000,0x00000000b5ff8980,0x00000000b6f00000)
}
Event: 15.379 GC heap before
{Heap before GC invocations=25 (full 5):
 PSYoungGen      total 230400K, used 36887K [0x00000000eaa80000, 0x00000000ffd00000, 0x0000000100000000)
  eden space 117248K, 0% used [0x00000000eaa80000,0x00000000eaa80000,0x00000000f1d00000)
  from space 113152K, 32% used [0x00000000f8e80000,0x00000000fb285f50,0x00000000ffd00000)
  to   space 114688K, 0% used [0x00000000f1d00000,0x00000000f1d00000,0x00000000f8d00000)
 ParOldGen       total 410624K, used 362076K [0x00000000c0000000, 0x00000000d9100000, 0x00000000eaa80000)
  object space 410624K, 88% used [0x00000000c0000000,0x00000000d6197198,0x00000000d9100000)
 PSPermGen       total 21504K, used 6114K [0x00000000b5a00000, 0x00000000b6f00000, 0x00000000c0000000)
  object space 21504K, 28% used [0x00000000b5a00000,0x00000000b5ff8980,0x00000000b6f00000)

