# JRE version: OpenJDK Runtime Environment (7.0_55-b14) (build 1.7.0_55-b14)
# Java VM: OpenJDK 64-Bit Server VM (24.51-b03 mixed mode linux-amd64 compressed oops)
Heap
 PSYoungGen      total 229376K, used 81601K [0x00000000eaa80000, 0x0000000100000000, 0x0000000100000000)
  eden space 117248K, 0% used [0x00000000eaa80000,0x00000000eaa80000,0x00000000f1d00000)
  from space 112128K, 72% used [0x00000000f9280000,0x00000000fe2307c8,0x0000000100000000)
  to   space 116224K, 0% used [0x00000000f1d00000,0x00000000f1d00000,0x00000000f8e80000)
 ParOldGen       total 352256K, used 352008K [0x00000000c0000000, 0x00000000d5800000, 0x00000000eaa80000)
  object space 352256K, 99% used [0x00000000c0000000,0x00000000d57c2250,0x00000000d5800000)
 PSPermGen       total 21504K, used 6112K [0x00000000b5a00000, 0x00000000b6f00000, 0x00000000c0000000)
  object space 21504K, 28% used [0x00000000b5a00000,0x00000000b5ff81c8,0x00000000b6f00000)
GC Heap History (10 events):
Event: 14.390 GC heap after
Heap after GC invocations=22 (full 4):
 PSYoungGen      total 232960K, used 76781K [0x00000000eaa80000, 0x0000000100000000, 0x0000000100000000)
  eden space 156160K, 0% used [0x00000000eaa80000,0x00000000eaa80000,0x00000000f4300000)
  from space 76800K, 99% used [0x00000000fb500000,0x00000000ffffb540,0x0000000100000000)
  to   space 96768K, 0% used [0x00000000f4300000,0x00000000f4300000,0x00000000fa180000)
 ParOldGen       total 352256K, used 242001K [0x00000000c0000000, 0x00000000d5800000, 0x00000000eaa80000)
  object space 352256K, 68% used [0x00000000c0000000,0x00000000cec547f8,0x00000000d5800000)
 PSPermGen       total 21504K, used 6104K [0x00000000b5a00000, 0x00000000b6f00000, 0x00000000c0000000)
  object space 21504K, 28% used [0x00000000b5a00000,0x00000000b5ff6388,0x00000000b6f00000)
}
Event: 14.754 GC heap before
{Heap before GC invocations=23 (full 4):
 PSYoungGen      total 232960K, used 232941K [0x00000000eaa80000, 0x0000000100000000, 0x0000000100000000)
  eden space 156160K, 100% used [0x00000000eaa80000,0x00000000f4300000,0x00000000f4300000)
  from space 76800K, 99% used [0x00000000fb500000,0x00000000ffffb540,0x0000000100000000)
  to   space 96768K, 0% used [0x00000000f4300000,0x00000000f4300000,0x00000000fa180000)
 ParOldGen       total 352256K, used 242001K [0x00000000c0000000, 0x00000000d5800000, 0x00000000eaa80000)
  object space 352256K, 68% used [0x00000000c0000000,0x00000000cec547f8,0x00000000d5800000)
 PSPermGen       total 21504K, used 6107K [0x00000000b5a00000, 0x00000000b6f00000, 0x00000000c0000000)
  object space 21504K, 28% used [0x00000000b5a00000,0x00000000b5ff6cc0,0x00000000b6f00000)
Event: 14.867 GC heap after
Heap after GC invocations=23 (full 4):
 PSYoungGen      total 252928K, used 54408K [0x00000000eaa80000, 0x0000000100000000, 0x0000000100000000)
  eden space 156160K, 0% used [0x00000000eaa80000,0x00000000eaa80000,0x00000000f4300000)
  from space 96768K, 56% used [0x00000000f4300000,0x00000000f78220b8,0x00000000fa180000)
  to   space 96768K, 0% used [0x00000000fa180000,0x00000000fa180000,0x0000000100000000)
 ParOldGen       total 352256K, used 293196K [0x00000000c0000000, 0x00000000d5800000, 0x00000000eaa80000)
  object space 352256K, 83% used [0x00000000c0000000,0x00000000d1e531f8,0x00000000d5800000)
 PSPermGen       total 21504K, used 6107K [0x00000000b5a00000, 0x00000000b6f00000, 0x00000000c0000000)
  object space 21504K, 28% used [0x00000000b5a00000,0x00000000b5ff6cc0,0x00000000b6f00000)
}
Event: 15.398 GC heap before
{Heap before GC invocations=24 (full 4):
 PSYoungGen      total 252928K, used 210568K [0x00000000eaa80000, 0x0000000100000000, 0x0000000100000000)
  eden space 156160K, 100% used [0x00000000eaa80000,0x00000000f4300000,0x00000000f4300000)
  from space 96768K, 56% used [0x00000000f4300000,0x00000000f78220b8,0x00000000fa180000)
  to   space 96768K, 0% used [0x00000000fa180000,0x00000000fa180000,0x0000000100000000)
 ParOldGen       total 352256K, used 293196K [0x00000000c0000000, 0x00000000d5800000, 0x00000000eaa80000)
  object space 352256K, 83% used [0x00000000c0000000,0x00000000d1e531f8,0x00000000d5800000)
 PSPermGen       total 21504K, used 6108K [0x00000000b5a00000, 0x00000000b6f00000, 0x00000000c0000000)
  object space 21504K, 28% used [0x00000000b5a00000,0x00000000b5ff7378,0x00000000b6f00000)
Event: 15.469 GC heap after
Heap after GC invocations=24 (full 4):
 PSYoungGen      total 235520K, used 77631K [0x00000000eaa80000, 0x0000000100000000, 0x0000000100000000)
  eden space 138752K, 0% used [0x00000000eaa80000,0x00000000eaa80000,0x00000000f3200000)
  from space 96768K, 80% used [0x00000000fa180000,0x00000000fed4fc18,0x0000000100000000)
  to   space 105472K, 0% used [0x00000000f3200000,0x00000000f3200000,0x00000000f9900000)
 ParOldGen       total 352256K, used 293196K [0x00000000c0000000, 0x00000000d5800000, 0x00000000eaa80000)
  object space 352256K, 83% used [0x00000000c0000000,0x00000000d1e531f8,0x00000000d5800000)
 PSPermGen       total 21504K, used 6108K [0x00000000b5a00000, 0x00000000b6f00000, 0x00000000c0000000)
  object space 21504K, 28% used [0x00000000b5a00000,0x00000000b5ff7378,0x00000000b6f00000)
}
Event: 15.791 GC heap before
{Heap before GC invocations=25 (full 4):
 PSYoungGen      total 235520K, used 216383K [0x00000000eaa80000, 0x0000000100000000, 0x0000000100000000)
  eden space 138752K, 100% used [0x00000000eaa80000,0x00000000f3200000,0x00000000f3200000)
  from space 96768K, 80% used [0x00000000fa180000,0x00000000fed4fc18,0x0000000100000000)
  to   space 105472K, 0% used [0x00000000f3200000,0x00000000f3200000,0x00000000f9900000)
 ParOldGen       total 352256K, used 293196K [0x00000000c0000000, 0x00000000d5800000, 0x00000000eaa80000)
  object space 352256K, 83% used [0x00000000c0000000,0x00000000d1e531f8,0x00000000d5800000)
 PSPermGen       total 21504K, used 6111K [0x00000000b5a00000, 0x00000000b6f00000, 0x00000000c0000000)
  object space 21504K, 28% used [0x00000000b5a00000,0x00000000b5ff7e98,0x00000000b6f00000)
Event: 15.881 GC heap after
Heap after GC invocations=25 (full 4):
 PSYoungGen      total 237568K, used 98671K [0x00000000eaa80000, 0x0000000100000000, 0x0000000100000000)
  eden space 138752K, 0% used [0x00000000eaa80000,0x00000000eaa80000,0x00000000f3200000)
  from space 98816K, 99% used [0x00000000f3200000,0x00000000f925bef8,0x00000000f9280000)
  to   space 112128K, 0% used [0x00000000f9280000,0x00000000f9280000,0x0000000100000000)
 ParOldGen       total 352256K, used 293196K [0x00000000c0000000, 0x00000000d5800000, 0x00000000eaa80000)
  object space 352256K, 83% used [0x00000000c0000000,0x00000000d1e531f8,0x00000000d5800000)
 PSPermGen       total 21504K, used 6111K [0x00000000b5a00000, 0x00000000b6f00000, 0x00000000c0000000)
  object space 21504K, 28% used [0x00000000b5a00000,0x00000000b5ff7e98,0x00000000b6f00000)
}
Event: 16.217 GC heap before
{Heap before GC invocations=26 (full 4):
 PSYoungGen      total 237568K, used 237423K [0x00000000eaa80000, 0x0000000100000000, 0x0000000100000000)
  eden space 138752K, 100% used [0x00000000eaa80000,0x00000000f3200000,0x00000000f3200000)
  from space 98816K, 99% used [0x00000000f3200000,0x00000000f925bef8,0x00000000f9280000)
  to   space 112128K, 0% used [0x00000000f9280000,0x00000000f9280000,0x0000000100000000)
 ParOldGen       total 352256K, used 293196K [0x00000000c0000000, 0x00000000d5800000, 0x00000000eaa80000)
  object space 352256K, 83% used [0x00000000c0000000,0x00000000d1e531f8,0x00000000d5800000)
 PSPermGen       total 21504K, used 6112K [0x00000000b5a00000, 0x00000000b6f00000, 0x00000000c0000000)
  object space 21504K, 28% used [0x00000000b5a00000,0x00000000b5ff8228,0x00000000b6f00000)
Event: 16.341 GC heap after
Heap after GC invocations=26 (full 4):
 PSYoungGen      total 229376K, used 92717K [0x00000000eaa80000, 0x0000000100000000, 0x0000000100000000)
  eden space 117248K, 0% used [0x00000000eaa80000,0x00000000eaa80000,0x00000000f1d00000)
  from space 112128K, 82% used [0x00000000f9280000,0x00000000fed0b440,0x0000000100000000)
  to   space 116224K, 0% used [0x00000000f1d00000,0x00000000f1d00000,0x00000000f8e80000)
 ParOldGen       total 352256K, used 346284K [0x00000000c0000000, 0x00000000d5800000, 0x00000000eaa80000)
  object space 352256K, 98% used [0x00000000c0000000,0x00000000d522b390,0x00000000d5800000)
 PSPermGen       total 21504K, used 6112K [0x00000000b5a00000, 0x00000000b6f00000, 0x00000000c0000000)
  object space 21504K, 28% used [0x00000000b5a00000,0x00000000b5ff8228,0x00000000b6f00000)
}
Event: 16.341 GC heap before
{Heap before GC invocations=27 (full 5):
 PSYoungGen      total 229376K, used 92717K [0x00000000eaa80000, 0x0000000100000000, 0x0000000100000000)
  eden space 117248K, 0% used [0x00000000eaa80000,0x00000000eaa80000,0x00000000f1d00000)
  from space 112128K, 82% used [0x00000000f9280000,0x00000000fed0b440,0x0000000100000000)
  to   space 116224K, 0% used [0x00000000f1d00000,0x00000000f1d00000,0x00000000f8e80000)
 ParOldGen       total 352256K, used 346284K [0x00000000c0000000, 0x00000000d5800000, 0x00000000eaa80000)
  object space 352256K, 98% used [0x00000000c0000000,0x00000000d522b390,0x00000000d5800000)
 PSPermGen       total 21504K, used 6112K [0x00000000b5a00000, 0x00000000b6f00000, 0x00000000c0000000)
  object space 21504K, 28% used [0x00000000b5a00000,0x00000000b5ff8228,0x00000000b6f00000)

