# JRE version: OpenJDK Runtime Environment (7.0_55-b14) (build 1.7.0_55-b14)
# Java VM: OpenJDK 64-Bit Server VM (24.51-b03 mixed mode linux-amd64 compressed oops)
Heap
 PSYoungGen      total 233472K, used 60767K [0x00000000eaa80000, 0x0000000100000000, 0x0000000100000000)
  eden space 117248K, 0% used [0x00000000eaa80000,0x00000000eaa80000,0x00000000f1d00000)
  from space 116224K, 52% used [0x00000000f1d00000,0x00000000f5857d50,0x00000000f8e80000)
  to   space 116224K, 0% used [0x00000000f8e80000,0x00000000f8e80000,0x0000000100000000)
 ParOldGen       total 531456K, used 531365K [0x00000000c0000000, 0x00000000e0700000, 0x00000000eaa80000)
  object space 531456K, 99% used [0x00000000c0000000,0x00000000e06e94d8,0x00000000e0700000)
 PSPermGen       total 21504K, used 6126K [0x00000000b5a00000, 0x00000000b6f00000, 0x00000000c0000000)
  object space 21504K, 28% used [0x00000000b5a00000,0x00000000b5ffbb78,0x00000000b6f00000)
GC Heap History (10 events):
Event: 33.279 GC heap after
Heap after GC invocations=38 (full 5):
 PSYoungGen      total 241664K, used 76936K [0x00000000eaa80000, 0x0000000100000000, 0x0000000100000000)
  eden space 141312K, 0% used [0x00000000eaa80000,0x00000000eaa80000,0x00000000f3480000)
  from space 100352K, 76% used [0x00000000f3480000,0x00000000f7fa2188,0x00000000f9680000)
  to   space 104960K, 0% used [0x00000000f9980000,0x00000000f9980000,0x0000000100000000)
 ParOldGen       total 531456K, used 439328K [0x00000000c0000000, 0x00000000e0700000, 0x00000000eaa80000)
  object space 531456K, 82% used [0x00000000c0000000,0x00000000dad08360,0x00000000e0700000)
 PSPermGen       total 21504K, used 6122K [0x00000000b5a00000, 0x00000000b6f00000, 0x00000000c0000000)
  object space 21504K, 28% used [0x00000000b5a00000,0x00000000b5ffaa50,0x00000000b6f00000)
}
Event: 34.304 GC heap before
{Heap before GC invocations=39 (full 5):
 PSYoungGen      total 241664K, used 218248K [0x00000000eaa80000, 0x0000000100000000, 0x0000000100000000)
  eden space 141312K, 100% used [0x00000000eaa80000,0x00000000f3480000,0x00000000f3480000)
  from space 100352K, 76% used [0x00000000f3480000,0x00000000f7fa2188,0x00000000f9680000)
  to   space 104960K, 0% used [0x00000000f9980000,0x00000000f9980000,0x0000000100000000)
 ParOldGen       total 531456K, used 439328K [0x00000000c0000000, 0x00000000e0700000, 0x00000000eaa80000)
  object space 531456K, 82% used [0x00000000c0000000,0x00000000dad08360,0x00000000e0700000)
 PSPermGen       total 21504K, used 6124K [0x00000000b5a00000, 0x00000000b6f00000, 0x00000000c0000000)
  object space 21504K, 28% used [0x00000000b5a00000,0x00000000b5ffb2e8,0x00000000b6f00000)
Event: 34.599 GC heap after
Heap after GC invocations=39 (full 5):
 PSYoungGen      total 222208K, used 99823K [0x00000000eaa80000, 0x0000000100000000, 0x0000000100000000)
  eden space 117248K, 0% used [0x00000000eaa80000,0x00000000eaa80000,0x00000000f1d00000)
  from space 104960K, 95% used [0x00000000f9980000,0x00000000ffafbe38,0x0000000100000000)
  to   space 116224K, 0% used [0x00000000f1d00000,0x00000000f1d00000,0x00000000f8e80000)
 ParOldGen       total 531456K, used 439328K [0x00000000c0000000, 0x00000000e0700000, 0x00000000eaa80000)
  object space 531456K, 82% used [0x00000000c0000000,0x00000000dad08360,0x00000000e0700000)
 PSPermGen       total 21504K, used 6124K [0x00000000b5a00000, 0x00000000b6f00000, 0x00000000c0000000)
  object space 21504K, 28% used [0x00000000b5a00000,0x00000000b5ffb2e8,0x00000000b6f00000)
}
Event: 35.815 GC heap before
{Heap before GC invocations=40 (full 5):
 PSYoungGen      total 222208K, used 217071K [0x00000000eaa80000, 0x0000000100000000, 0x0000000100000000)
  eden space 117248K, 100% used [0x00000000eaa80000,0x00000000f1d00000,0x00000000f1d00000)
  from space 104960K, 95% used [0x00000000f9980000,0x00000000ffafbe38,0x0000000100000000)
  to   space 116224K, 0% used [0x00000000f1d00000,0x00000000f1d00000,0x00000000f8e80000)
 ParOldGen       total 531456K, used 439328K [0x00000000c0000000, 0x00000000e0700000, 0x00000000eaa80000)
  object space 531456K, 82% used [0x00000000c0000000,0x00000000dad08360,0x00000000e0700000)
 PSPermGen       total 21504K, used 6125K [0x00000000b5a00000, 0x00000000b6f00000, 0x00000000c0000000)
  object space 21504K, 28% used [0x00000000b5a00000,0x00000000b5ffb470,0x00000000b6f00000)
Event: 35.959 GC heap after
Heap after GC invocations=40 (full 5):
 PSYoungGen      total 233472K, used 102860K [0x00000000eaa80000, 0x0000000100000000, 0x0000000100000000)
  eden space 117248K, 0% used [0x00000000eaa80000,0x00000000eaa80000,0x00000000f1d00000)
  from space 116224K, 88% used [0x00000000f1d00000,0x00000000f81733b0,0x00000000f8e80000)
  to   space 116224K, 0% used [0x00000000f8e80000,0x00000000f8e80000,0x0000000100000000)
 ParOldGen       total 531456K, used 455602K [0x00000000c0000000, 0x00000000e0700000, 0x00000000eaa80000)
  object space 531456K, 85% used [0x00000000c0000000,0x00000000dbcec920,0x00000000e0700000)
 PSPermGen       total 21504K, used 6125K [0x00000000b5a00000, 0x00000000b6f00000, 0x00000000c0000000)
  object space 21504K, 28% used [0x00000000b5a00000,0x00000000b5ffb470,0x00000000b6f00000)
}
Event: 36.207 GC heap before
{Heap before GC invocations=41 (full 5):
 PSYoungGen      total 233472K, used 220108K [0x00000000eaa80000, 0x0000000100000000, 0x0000000100000000)
  eden space 117248K, 100% used [0x00000000eaa80000,0x00000000f1d00000,0x00000000f1d00000)
  from space 116224K, 88% used [0x00000000f1d00000,0x00000000f81733b0,0x00000000f8e80000)
  to   space 116224K, 0% used [0x00000000f8e80000,0x00000000f8e80000,0x0000000100000000)
 ParOldGen       total 531456K, used 455602K [0x00000000c0000000, 0x00000000e0700000, 0x00000000eaa80000)
  object space 531456K, 85% used [0x00000000c0000000,0x00000000dbcec920,0x00000000e0700000)
 PSPermGen       total 21504K, used 6125K [0x00000000b5a00000, 0x00000000b6f00000, 0x00000000c0000000)
  object space 21504K, 28% used [0x00000000b5a00000,0x00000000b5ffb7e8,0x00000000b6f00000)
Event: 36.329 GC heap after
Heap after GC invocations=41 (full 5):
 PSYoungGen      total 233472K, used 106274K [0x00000000eaa80000, 0x0000000100000000, 0x0000000100000000)
  eden space 117248K, 0% used [0x00000000eaa80000,0x00000000eaa80000,0x00000000f1d00000)
  from space 116224K, 91% used [0x00000000f8e80000,0x00000000ff6489b8,0x0000000100000000)
  to   space 116224K, 0% used [0x00000000f1d00000,0x00000000f1d00000,0x00000000f8e80000)
 ParOldGen       total 531456K, used 470243K [0x00000000c0000000, 0x00000000e0700000, 0x00000000eaa80000)
  object space 531456K, 88% used [0x00000000c0000000,0x00000000dcb38e00,0x00000000e0700000)
 PSPermGen       total 21504K, used 6125K [0x00000000b5a00000, 0x00000000b6f00000, 0x00000000c0000000)
  object space 21504K, 28% used [0x00000000b5a00000,0x00000000b5ffb7e8,0x00000000b6f00000)
}
Event: 36.573 GC heap before
{Heap before GC invocations=42 (full 5):
 PSYoungGen      total 233472K, used 223522K [0x00000000eaa80000, 0x0000000100000000, 0x0000000100000000)
  eden space 117248K, 100% used [0x00000000eaa80000,0x00000000f1d00000,0x00000000f1d00000)
  from space 116224K, 91% used [0x00000000f8e80000,0x00000000ff6489b8,0x0000000100000000)
  to   space 116224K, 0% used [0x00000000f1d00000,0x00000000f1d00000,0x00000000f8e80000)
 ParOldGen       total 531456K, used 470243K [0x00000000c0000000, 0x00000000e0700000, 0x00000000eaa80000)
  object space 531456K, 88% used [0x00000000c0000000,0x00000000dcb38e00,0x00000000e0700000)
 PSPermGen       total 21504K, used 6126K [0x00000000b5a00000, 0x00000000b6f00000, 0x00000000c0000000)
  object space 21504K, 28% used [0x00000000b5a00000,0x00000000b5ffbbf8,0x00000000b6f00000)
Event: 36.688 GC heap after
Heap after GC invocations=42 (full 5):
 PSYoungGen      total 233472K, used 99436K [0x00000000eaa80000, 0x0000000100000000, 0x0000000100000000)
  eden space 117248K, 0% used [0x00000000eaa80000,0x00000000eaa80000,0x00000000f1d00000)
  from space 116224K, 85% used [0x00000000f1d00000,0x00000000f7e1b330,0x00000000f8e80000)
  to   space 116224K, 0% used [0x00000000f8e80000,0x00000000f8e80000,0x0000000100000000)
 ParOldGen       total 531456K, used 494080K [0x00000000c0000000, 0x00000000e0700000, 0x00000000eaa80000)
  object space 531456K, 92% used [0x00000000c0000000,0x00000000de280378,0x00000000e0700000)
 PSPermGen       total 21504K, used 6126K [0x00000000b5a00000, 0x00000000b6f00000, 0x00000000c0000000)
  object space 21504K, 28% used [0x00000000b5a00000,0x00000000b5ffbbf8,0x00000000b6f00000)
}
Event: 36.688 GC heap before
{Heap before GC invocations=43 (full 6):
 PSYoungGen      total 233472K, used 99436K [0x00000000eaa80000, 0x0000000100000000, 0x0000000100000000)
  eden space 117248K, 0% used [0x00000000eaa80000,0x00000000eaa80000,0x00000000f1d00000)
  from space 116224K, 85% used [0x00000000f1d00000,0x00000000f7e1b330,0x00000000f8e80000)
  to   space 116224K, 0% used [0x00000000f8e80000,0x00000000f8e80000,0x0000000100000000)
 ParOldGen       total 531456K, used 494080K [0x00000000c0000000, 0x00000000e0700000, 0x00000000eaa80000)
  object space 531456K, 92% used [0x00000000c0000000,0x00000000de280378,0x00000000e0700000)
 PSPermGen       total 21504K, used 6126K [0x00000000b5a00000, 0x00000000b6f00000, 0x00000000c0000000)
  object space 21504K, 28% used [0x00000000b5a00000,0x00000000b5ffbbf8,0x00000000b6f00000)

