# JRE version: OpenJDK Runtime Environment (7.0_55-b14) (build 1.7.0_55-b14)
# Java VM: OpenJDK 64-Bit Server VM (24.51-b03 mixed mode linux-amd64 compressed oops)
Heap
 PSYoungGen      total 229376K, used 0K [0x00000000eaa80000, 0x00000000ffc00000, 0x0000000100000000)
  eden space 117248K, 0% used [0x00000000eaa80000,0x00000000eaa80000,0x00000000f1d00000)
  from space 112128K, 0% used [0x00000000f8e80000,0x00000000f8e80000,0x00000000ffc00000)
  to   space 114176K, 0% used [0x00000000f1d00000,0x00000000f1d00000,0x00000000f8c80000)
 ParOldGen       total 338944K, used 333779K [0x00000000c0000000, 0x00000000d4b00000, 0x00000000eaa80000)
  object space 338944K, 98% used [0x00000000c0000000,0x00000000d45f4db8,0x00000000d4b00000)
 PSPermGen       total 21504K, used 6106K [0x00000000b5a00000, 0x00000000b6f00000, 0x00000000c0000000)
  object space 21504K, 28% used [0x00000000b5a00000,0x00000000b5ff6908,0x00000000b6f00000)
GC Heap History (10 events):
Event: 14.255 GC heap after
Heap after GC invocations=20 (full 3):
 PSYoungGen      total 255488K, used 86948K [0x00000000eaa80000, 0x0000000100000000, 0x0000000100000000)
  eden space 168448K, 0% used [0x00000000eaa80000,0x00000000eaa80000,0x00000000f4f00000)
  from space 87040K, 99% used [0x00000000f4f00000,0x00000000fa3e90c8,0x00000000fa400000)
  to   space 94208K, 0% used [0x00000000fa400000,0x00000000fa400000,0x0000000100000000)
 ParOldGen       total 225792K, used 188839K [0x00000000c0000000, 0x00000000cdc80000, 0x00000000eaa80000)
  object space 225792K, 83% used [0x00000000c0000000,0x00000000cb869e70,0x00000000cdc80000)
 PSPermGen       total 21504K, used 6050K [0x00000000b5a00000, 0x00000000b6f00000, 0x00000000c0000000)
  object space 21504K, 28% used [0x00000000b5a00000,0x00000000b5fe8820,0x00000000b6f00000)
}
Event: 14.680 GC heap before
{Heap before GC invocations=21 (full 3):
 PSYoungGen      total 255488K, used 255396K [0x00000000eaa80000, 0x0000000100000000, 0x0000000100000000)
  eden space 168448K, 100% used [0x00000000eaa80000,0x00000000f4f00000,0x00000000f4f00000)
  from space 87040K, 99% used [0x00000000f4f00000,0x00000000fa3e90c8,0x00000000fa400000)
  to   space 94208K, 0% used [0x00000000fa400000,0x00000000fa400000,0x0000000100000000)
 ParOldGen       total 225792K, used 188839K [0x00000000c0000000, 0x00000000cdc80000, 0x00000000eaa80000)
  object space 225792K, 83% used [0x00000000c0000000,0x00000000cb869e70,0x00000000cdc80000)
 PSPermGen       total 21504K, used 6087K [0x00000000b5a00000, 0x00000000b6f00000, 0x00000000c0000000)
  object space 21504K, 28% used [0x00000000b5a00000,0x00000000b5ff1d10,0x00000000b6f00000)
Event: 14.783 GC heap after
Heap after GC invocations=21 (full 3):
 PSYoungGen      total 211456K, used 94202K [0x00000000eaa80000, 0x0000000100000000, 0x0000000100000000)
  eden space 117248K, 0% used [0x00000000eaa80000,0x00000000eaa80000,0x00000000f1d00000)
  from space 94208K, 99% used [0x00000000fa400000,0x00000000ffffe8b8,0x0000000100000000)
  to   space 116224K, 0% used [0x00000000f1d00000,0x00000000f1d00000,0x00000000f8e80000)
 ParOldGen       total 225792K, used 206967K [0x00000000c0000000, 0x00000000cdc80000, 0x00000000eaa80000)
  object space 225792K, 91% used [0x00000000c0000000,0x00000000cca1dd48,0x00000000cdc80000)
 PSPermGen       total 21504K, used 6087K [0x00000000b5a00000, 0x00000000b6f00000, 0x00000000c0000000)
  object space 21504K, 28% used [0x00000000b5a00000,0x00000000b5ff1d10,0x00000000b6f00000)
}
Event: 14.783 GC heap before
{Heap before GC invocations=22 (full 4):
 PSYoungGen      total 211456K, used 94202K [0x00000000eaa80000, 0x0000000100000000, 0x0000000100000000)
  eden space 117248K, 0% used [0x00000000eaa80000,0x00000000eaa80000,0x00000000f1d00000)
  from space 94208K, 99% used [0x00000000fa400000,0x00000000ffffe8b8,0x0000000100000000)
  to   space 116224K, 0% used [0x00000000f1d00000,0x00000000f1d00000,0x00000000f8e80000)
 ParOldGen       total 225792K, used 206967K [0x00000000c0000000, 0x00000000cdc80000, 0x00000000eaa80000)
  object space 225792K, 91% used [0x00000000c0000000,0x00000000cca1dd48,0x00000000cdc80000)
 PSPermGen       total 21504K, used 6087K [0x00000000b5a00000, 0x00000000b6f00000, 0x00000000c0000000)
  object space 21504K, 28% used [0x00000000b5a00000,0x00000000b5ff1d10,0x00000000b6f00000)
Event: 15.735 GC heap after
Heap after GC invocations=22 (full 4):
 PSYoungGen      total 211456K, used 72482K [0x00000000eaa80000, 0x0000000100000000, 0x0000000100000000)
  eden space 117248K, 0% used [0x00000000eaa80000,0x00000000eaa80000,0x00000000f1d00000)
  from space 94208K, 76% used [0x00000000fa400000,0x00000000feac8868,0x0000000100000000)
  to   space 116224K, 0% used [0x00000000f1d00000,0x00000000f1d00000,0x00000000f8e80000)
 ParOldGen       total 338944K, used 225692K [0x00000000c0000000, 0x00000000d4b00000, 0x00000000eaa80000)
  object space 338944K, 66% used [0x00000000c0000000,0x00000000cdc67218,0x00000000d4b00000)
 PSPermGen       total 21504K, used 6087K [0x00000000b5a00000, 0x00000000b6f00000, 0x00000000c0000000)
  object space 21504K, 28% used [0x00000000b5a00000,0x00000000b5ff1cf0,0x00000000b6f00000)
}
Event: 16.027 GC heap before
{Heap before GC invocations=23 (full 4):
 PSYoungGen      total 211456K, used 189730K [0x00000000eaa80000, 0x0000000100000000, 0x0000000100000000)
  eden space 117248K, 100% used [0x00000000eaa80000,0x00000000f1d00000,0x00000000f1d00000)
  from space 94208K, 76% used [0x00000000fa400000,0x00000000feac8868,0x0000000100000000)
  to   space 116224K, 0% used [0x00000000f1d00000,0x00000000f1d00000,0x00000000f8e80000)
 ParOldGen       total 338944K, used 225692K [0x00000000c0000000, 0x00000000d4b00000, 0x00000000eaa80000)
  object space 338944K, 66% used [0x00000000c0000000,0x00000000cdc67218,0x00000000d4b00000)
 PSPermGen       total 21504K, used 6099K [0x00000000b5a00000, 0x00000000b6f00000, 0x00000000c0000000)
  object space 21504K, 28% used [0x00000000b5a00000,0x00000000b5ff4c58,0x00000000b6f00000)
Event: 16.172 GC heap after
Heap after GC invocations=23 (full 4):
 PSYoungGen      total 233472K, used 55064K [0x00000000eaa80000, 0x0000000100000000, 0x0000000100000000)
  eden space 117248K, 0% used [0x00000000eaa80000,0x00000000eaa80000,0x00000000f1d00000)
  from space 116224K, 47% used [0x00000000f1d00000,0x00000000f52c6320,0x00000000f8e80000)
  to   space 116224K, 0% used [0x00000000f8e80000,0x00000000f8e80000,0x0000000100000000)
 ParOldGen       total 338944K, used 260420K [0x00000000c0000000, 0x00000000d4b00000, 0x00000000eaa80000)
  object space 338944K, 76% used [0x00000000c0000000,0x00000000cfe51338,0x00000000d4b00000)
 PSPermGen       total 21504K, used 6099K [0x00000000b5a00000, 0x00000000b6f00000, 0x00000000c0000000)
  object space 21504K, 28% used [0x00000000b5a00000,0x00000000b5ff4c58,0x00000000b6f00000)
}
Event: 16.463 GC heap before
{Heap before GC invocations=24 (full 4):
 PSYoungGen      total 233472K, used 172312K [0x00000000eaa80000, 0x0000000100000000, 0x0000000100000000)
  eden space 117248K, 100% used [0x00000000eaa80000,0x00000000f1d00000,0x00000000f1d00000)
  from space 116224K, 47% used [0x00000000f1d00000,0x00000000f52c6320,0x00000000f8e80000)
  to   space 116224K, 0% used [0x00000000f8e80000,0x00000000f8e80000,0x0000000100000000)
 ParOldGen       total 338944K, used 260420K [0x00000000c0000000, 0x00000000d4b00000, 0x00000000eaa80000)
  object space 338944K, 76% used [0x00000000c0000000,0x00000000cfe51338,0x00000000d4b00000)
 PSPermGen       total 21504K, used 6106K [0x00000000b5a00000, 0x00000000b6f00000, 0x00000000c0000000)
  object space 21504K, 28% used [0x00000000b5a00000,0x00000000b5ff6928,0x00000000b6f00000)
Event: 16.944 GC heap after
Heap after GC invocations=24 (full 4):
 PSYoungGen      total 229376K, used 38082K [0x00000000eaa80000, 0x00000000ffc00000, 0x0000000100000000)
  eden space 117248K, 0% used [0x00000000eaa80000,0x00000000eaa80000,0x00000000f1d00000)
  from space 112128K, 33% used [0x00000000f8e80000,0x00000000fb3b0bc0,0x00000000ffc00000)
  to   space 114176K, 0% used [0x00000000f1d00000,0x00000000f1d00000,0x00000000f8c80000)
 ParOldGen       total 338944K, used 298807K [0x00000000c0000000, 0x00000000d4b00000, 0x00000000eaa80000)
  object space 338944K, 88% used [0x00000000c0000000,0x00000000d23cdc98,0x00000000d4b00000)
 PSPermGen       total 21504K, used 6106K [0x00000000b5a00000, 0x00000000b6f00000, 0x00000000c0000000)
  object space 21504K, 28% used [0x00000000b5a00000,0x00000000b5ff6928,0x00000000b6f00000)
}
Event: 16.944 GC heap before
{Heap before GC invocations=25 (full 5):
 PSYoungGen      total 229376K, used 38082K [0x00000000eaa80000, 0x00000000ffc00000, 0x0000000100000000)
  eden space 117248K, 0% used [0x00000000eaa80000,0x00000000eaa80000,0x00000000f1d00000)
  from space 112128K, 33% used [0x00000000f8e80000,0x00000000fb3b0bc0,0x00000000ffc00000)
  to   space 114176K, 0% used [0x00000000f1d00000,0x00000000f1d00000,0x00000000f8c80000)
 ParOldGen       total 338944K, used 298807K [0x00000000c0000000, 0x00000000d4b00000, 0x00000000eaa80000)
  object space 338944K, 88% used [0x00000000c0000000,0x00000000d23cdc98,0x00000000d4b00000)
 PSPermGen       total 21504K, used 6106K [0x00000000b5a00000, 0x00000000b6f00000, 0x00000000c0000000)
  object space 21504K, 28% used [0x00000000b5a00000,0x00000000b5ff6928,0x00000000b6f00000)

