# JRE version: OpenJDK Runtime Environment (7.0_55-b14) (build 1.7.0_55-b14)
# Java VM: OpenJDK 64-Bit Server VM (24.51-b03 mixed mode linux-amd64 compressed oops)
Heap
 PSYoungGen      total 221184K, used 85094K [0x00000000eaa80000, 0x0000000100000000, 0x0000000100000000)
  eden space 117248K, 0% used [0x00000000eaa80000,0x00000000eaa80000,0x00000000f1d00000)
  from space 103936K, 81% used [0x00000000f9a80000,0x00000000fed99908,0x0000000100000000)
  to   space 116224K, 0% used [0x00000000f1d00000,0x00000000f1d00000,0x00000000f8e80000)
 ParOldGen       total 353280K, used 352929K [0x00000000c0000000, 0x00000000d5900000, 0x00000000eaa80000)
  object space 353280K, 99% used [0x00000000c0000000,0x00000000d58a8500,0x00000000d5900000)
 PSPermGen       total 21504K, used 6114K [0x00000000b5a00000, 0x00000000b6f00000, 0x00000000c0000000)
  object space 21504K, 28% used [0x00000000b5a00000,0x00000000b5ff8b68,0x00000000b6f00000)
GC Heap History (10 events):
Event: 14.453 GC heap after
Heap after GC invocations=22 (full 4):
 PSYoungGen      total 239104K, used 74725K [0x00000000eaa80000, 0x0000000100000000, 0x0000000100000000)
  eden space 164352K, 0% used [0x00000000eaa80000,0x00000000eaa80000,0x00000000f4b00000)
  from space 74752K, 99% used [0x00000000fb700000,0x00000000ffff9450,0x0000000100000000)
  to   space 92672K, 0% used [0x00000000f4b00000,0x00000000f4b00000,0x00000000fa580000)
 ParOldGen       total 353280K, used 241565K [0x00000000c0000000, 0x00000000d5900000, 0x00000000eaa80000)
  object space 353280K, 68% used [0x00000000c0000000,0x00000000cebe76e8,0x00000000d5900000)
 PSPermGen       total 21504K, used 6104K [0x00000000b5a00000, 0x00000000b6f00000, 0x00000000c0000000)
  object space 21504K, 28% used [0x00000000b5a00000,0x00000000b5ff61b8,0x00000000b6f00000)
}
Event: 14.829 GC heap before
{Heap before GC invocations=23 (full 4):
 PSYoungGen      total 239104K, used 239077K [0x00000000eaa80000, 0x0000000100000000, 0x0000000100000000)
  eden space 164352K, 100% used [0x00000000eaa80000,0x00000000f4b00000,0x00000000f4b00000)
  from space 74752K, 99% used [0x00000000fb700000,0x00000000ffff9450,0x0000000100000000)
  to   space 92672K, 0% used [0x00000000f4b00000,0x00000000f4b00000,0x00000000fa580000)
 ParOldGen       total 353280K, used 241565K [0x00000000c0000000, 0x00000000d5900000, 0x00000000eaa80000)
  object space 353280K, 68% used [0x00000000c0000000,0x00000000cebe76e8,0x00000000d5900000)
 PSPermGen       total 21504K, used 6106K [0x00000000b5a00000, 0x00000000b6f00000, 0x00000000c0000000)
  object space 21504K, 28% used [0x00000000b5a00000,0x00000000b5ff6b68,0x00000000b6f00000)
Event: 14.957 GC heap after
Heap after GC invocations=23 (full 4):
 PSYoungGen      total 257024K, used 51668K [0x00000000eaa80000, 0x0000000100000000, 0x0000000100000000)
  eden space 164352K, 0% used [0x00000000eaa80000,0x00000000eaa80000,0x00000000f4b00000)
  from space 92672K, 55% used [0x00000000f4b00000,0x00000000f7d75290,0x00000000fa580000)
  to   space 92672K, 0% used [0x00000000fa580000,0x00000000fa580000,0x0000000100000000)
 ParOldGen       total 353280K, used 294357K [0x00000000c0000000, 0x00000000d5900000, 0x00000000eaa80000)
  object space 353280K, 83% used [0x00000000c0000000,0x00000000d1f754d0,0x00000000d5900000)
 PSPermGen       total 21504K, used 6106K [0x00000000b5a00000, 0x00000000b6f00000, 0x00000000c0000000)
  object space 21504K, 28% used [0x00000000b5a00000,0x00000000b5ff6b68,0x00000000b6f00000)
}
Event: 15.624 GC heap before
{Heap before GC invocations=24 (full 4):
 PSYoungGen      total 257024K, used 216020K [0x00000000eaa80000, 0x0000000100000000, 0x0000000100000000)
  eden space 164352K, 100% used [0x00000000eaa80000,0x00000000f4b00000,0x00000000f4b00000)
  from space 92672K, 55% used [0x00000000f4b00000,0x00000000f7d75290,0x00000000fa580000)
  to   space 92672K, 0% used [0x00000000fa580000,0x00000000fa580000,0x0000000100000000)
 ParOldGen       total 353280K, used 294357K [0x00000000c0000000, 0x00000000d5900000, 0x00000000eaa80000)
  object space 353280K, 83% used [0x00000000c0000000,0x00000000d1f754d0,0x00000000d5900000)
 PSPermGen       total 21504K, used 6108K [0x00000000b5a00000, 0x00000000b6f00000, 0x00000000c0000000)
  object space 21504K, 28% used [0x00000000b5a00000,0x00000000b5ff7310,0x00000000b6f00000)
Event: 15.696 GC heap after
Heap after GC invocations=24 (full 4):
 PSYoungGen      total 239616K, used 76190K [0x00000000eaa80000, 0x0000000100000000, 0x0000000100000000)
  eden space 146944K, 0% used [0x00000000eaa80000,0x00000000eaa80000,0x00000000f3a00000)
  from space 92672K, 82% used [0x00000000fa580000,0x00000000fefe7850,0x0000000100000000)
  to   space 101376K, 0% used [0x00000000f3a00000,0x00000000f3a00000,0x00000000f9d00000)
 ParOldGen       total 353280K, used 294357K [0x00000000c0000000, 0x00000000d5900000, 0x00000000eaa80000)
  object space 353280K, 83% used [0x00000000c0000000,0x00000000d1f754d0,0x00000000d5900000)
 PSPermGen       total 21504K, used 6108K [0x00000000b5a00000, 0x00000000b6f00000, 0x00000000c0000000)
  object space 21504K, 28% used [0x00000000b5a00000,0x00000000b5ff7310,0x00000000b6f00000)
}
Event: 16.027 GC heap before
{Heap before GC invocations=25 (full 4):
 PSYoungGen      total 239616K, used 223134K [0x00000000eaa80000, 0x0000000100000000, 0x0000000100000000)
  eden space 146944K, 100% used [0x00000000eaa80000,0x00000000f3a00000,0x00000000f3a00000)
  from space 92672K, 82% used [0x00000000fa580000,0x00000000fefe7850,0x0000000100000000)
  to   space 101376K, 0% used [0x00000000f3a00000,0x00000000f3a00000,0x00000000f9d00000)
 ParOldGen       total 353280K, used 294357K [0x00000000c0000000, 0x00000000d5900000, 0x00000000eaa80000)
  object space 353280K, 83% used [0x00000000c0000000,0x00000000d1f754d0,0x00000000d5900000)
 PSPermGen       total 21504K, used 6110K [0x00000000b5a00000, 0x00000000b6f00000, 0x00000000c0000000)
  object space 21504K, 28% used [0x00000000b5a00000,0x00000000b5ff7b40,0x00000000b6f00000)
Event: 16.118 GC heap after
Heap after GC invocations=25 (full 4):
 PSYoungGen      total 245760K, used 98346K [0x00000000eaa80000, 0x0000000100000000, 0x0000000100000000)
  eden space 146944K, 0% used [0x00000000eaa80000,0x00000000eaa80000,0x00000000f3a00000)
  from space 98816K, 99% used [0x00000000f3a00000,0x00000000f9a0ab28,0x00000000f9a80000)
  to   space 103936K, 0% used [0x00000000f9a80000,0x00000000f9a80000,0x0000000100000000)
 ParOldGen       total 353280K, used 294357K [0x00000000c0000000, 0x00000000d5900000, 0x00000000eaa80000)
  object space 353280K, 83% used [0x00000000c0000000,0x00000000d1f754d0,0x00000000d5900000)
 PSPermGen       total 21504K, used 6110K [0x00000000b5a00000, 0x00000000b6f00000, 0x00000000c0000000)
  object space 21504K, 28% used [0x00000000b5a00000,0x00000000b5ff7b40,0x00000000b6f00000)
}
Event: 16.585 GC heap before
{Heap before GC invocations=26 (full 4):
 PSYoungGen      total 245760K, used 245290K [0x00000000eaa80000, 0x0000000100000000, 0x0000000100000000)
  eden space 146944K, 100% used [0x00000000eaa80000,0x00000000f3a00000,0x00000000f3a00000)
  from space 98816K, 99% used [0x00000000f3a00000,0x00000000f9a0ab28,0x00000000f9a80000)
  to   space 103936K, 0% used [0x00000000f9a80000,0x00000000f9a80000,0x0000000100000000)
 ParOldGen       total 353280K, used 294357K [0x00000000c0000000, 0x00000000d5900000, 0x00000000eaa80000)
  object space 353280K, 83% used [0x00000000c0000000,0x00000000d1f754d0,0x00000000d5900000)
 PSPermGen       total 21504K, used 6114K [0x00000000b5a00000, 0x00000000b6f00000, 0x00000000c0000000)
  object space 21504K, 28% used [0x00000000b5a00000,0x00000000b5ff8bc8,0x00000000b6f00000)
Event: 16.708 GC heap after
Heap after GC invocations=26 (full 4):
 PSYoungGen      total 221184K, used 97896K [0x00000000eaa80000, 0x0000000100000000, 0x0000000100000000)
  eden space 117248K, 0% used [0x00000000eaa80000,0x00000000eaa80000,0x00000000f1d00000)
  from space 103936K, 94% used [0x00000000f9a80000,0x00000000ffa1a268,0x0000000100000000)
  to   space 116224K, 0% used [0x00000000f1d00000,0x00000000f1d00000,0x00000000f8e80000)
 ParOldGen       total 353280K, used 344735K [0x00000000c0000000, 0x00000000d5900000, 0x00000000eaa80000)
  object space 353280K, 97% used [0x00000000c0000000,0x00000000d50a7c58,0x00000000d5900000)
 PSPermGen       total 21504K, used 6114K [0x00000000b5a00000, 0x00000000b6f00000, 0x00000000c0000000)
  object space 21504K, 28% used [0x00000000b5a00000,0x00000000b5ff8bc8,0x00000000b6f00000)
}
Event: 16.708 GC heap before
{Heap before GC invocations=27 (full 5):
 PSYoungGen      total 221184K, used 97896K [0x00000000eaa80000, 0x0000000100000000, 0x0000000100000000)
  eden space 117248K, 0% used [0x00000000eaa80000,0x00000000eaa80000,0x00000000f1d00000)
  from space 103936K, 94% used [0x00000000f9a80000,0x00000000ffa1a268,0x0000000100000000)
  to   space 116224K, 0% used [0x00000000f1d00000,0x00000000f1d00000,0x00000000f8e80000)
 ParOldGen       total 353280K, used 344735K [0x00000000c0000000, 0x00000000d5900000, 0x00000000eaa80000)
  object space 353280K, 97% used [0x00000000c0000000,0x00000000d50a7c58,0x00000000d5900000)
 PSPermGen       total 21504K, used 6114K [0x00000000b5a00000, 0x00000000b6f00000, 0x00000000c0000000)
  object space 21504K, 28% used [0x00000000b5a00000,0x00000000b5ff8bc8,0x00000000b6f00000)

