# JRE version: OpenJDK Runtime Environment (7.0_55-b14) (build 1.7.0_55-b14)
# Java VM: OpenJDK 64-Bit Server VM (24.51-b03 mixed mode linux-amd64 compressed oops)
Heap
 PSYoungGen      total 273920K, used 29885K [0x00000000eaa80000, 0x0000000100000000, 0x0000000100000000)
  eden space 213504K, 0% used [0x00000000eaa80000,0x00000000eaa80000,0x00000000f7b00000)
  from space 60416K, 49% used [0x00000000fc500000,0x00000000fe22f480,0x0000000100000000)
  to   space 68096K, 0% used [0x00000000f7b00000,0x00000000f7b00000,0x00000000fbd80000)
 ParOldGen       total 227840K, used 227460K [0x00000000c0000000, 0x00000000cde80000, 0x00000000eaa80000)
  object space 227840K, 99% used [0x00000000c0000000,0x00000000cde21300,0x00000000cde80000)
 PSPermGen       total 21504K, used 6048K [0x00000000b5a00000, 0x00000000b6f00000, 0x00000000c0000000)
  object space 21504K, 28% used [0x00000000b5a00000,0x00000000b5fe83f0,0x00000000b6f00000)
GC Heap History (10 events):
Event: 12.373 GC heap after
Heap after GC invocations=15 (full 2):
 PSYoungGen      total 237568K, used 37877K [0x00000000eaa80000, 0x00000000ff880000, 0x0000000100000000)
  eden space 199680K, 0% used [0x00000000eaa80000,0x00000000eaa80000,0x00000000f6d80000)
  from space 37888K, 99% used [0x00000000f6d80000,0x00000000f927d6a8,0x00000000f9280000)
  to   space 52736K, 0% used [0x00000000fc500000,0x00000000fc500000,0x00000000ff880000)
 ParOldGen       total 141312K, used 119365K [0x00000000c0000000, 0x00000000c8a00000, 0x00000000eaa80000)
  object space 141312K, 84% used [0x00000000c0000000,0x00000000c74915e0,0x00000000c8a00000)
 PSPermGen       total 21504K, used 6015K [0x00000000b5a00000, 0x00000000b6f00000, 0x00000000c0000000)
  object space 21504K, 27% used [0x00000000b5a00000,0x00000000b5fdfc80,0x00000000b6f00000)
}
Event: 12.373 GC heap before
{Heap before GC invocations=16 (full 3):
 PSYoungGen      total 237568K, used 37877K [0x00000000eaa80000, 0x00000000ff880000, 0x0000000100000000)
  eden space 199680K, 0% used [0x00000000eaa80000,0x00000000eaa80000,0x00000000f6d80000)
  from space 37888K, 99% used [0x00000000f6d80000,0x00000000f927d6a8,0x00000000f9280000)
  to   space 52736K, 0% used [0x00000000fc500000,0x00000000fc500000,0x00000000ff880000)
 ParOldGen       total 141312K, used 119365K [0x00000000c0000000, 0x00000000c8a00000, 0x00000000eaa80000)
  object space 141312K, 84% used [0x00000000c0000000,0x00000000c74915e0,0x00000000c8a00000)
 PSPermGen       total 21504K, used 6015K [0x00000000b5a00000, 0x00000000b6f00000, 0x00000000c0000000)
  object space 21504K, 27% used [0x00000000b5a00000,0x00000000b5fdfc80,0x00000000b6f00000)
Event: 12.999 GC heap after
Heap after GC invocations=16 (full 3):
 PSYoungGen      total 237568K, used 14787K [0x00000000eaa80000, 0x00000000ff880000, 0x0000000100000000)
  eden space 199680K, 0% used [0x00000000eaa80000,0x00000000eaa80000,0x00000000f6d80000)
  from space 37888K, 39% used [0x00000000f6d80000,0x00000000f7bf0db8,0x00000000f9280000)
  to   space 52736K, 0% used [0x00000000fc500000,0x00000000fc500000,0x00000000ff880000)
 ParOldGen       total 227840K, used 141146K [0x00000000c0000000, 0x00000000cde80000, 0x00000000eaa80000)
  object space 227840K, 61% used [0x00000000c0000000,0x00000000c89d6b90,0x00000000cde80000)
 PSPermGen       total 21504K, used 6015K [0x00000000b5a00000, 0x00000000b6f00000, 0x00000000c0000000)
  object space 21504K, 27% used [0x00000000b5a00000,0x00000000b5fdfc40,0x00000000b6f00000)
}
Event: 13.665 GC heap before
{Heap before GC invocations=17 (full 3):
 PSYoungGen      total 237568K, used 214467K [0x00000000eaa80000, 0x00000000ff880000, 0x0000000100000000)
  eden space 199680K, 100% used [0x00000000eaa80000,0x00000000f6d80000,0x00000000f6d80000)
  from space 37888K, 39% used [0x00000000f6d80000,0x00000000f7bf0db8,0x00000000f9280000)
  to   space 52736K, 0% used [0x00000000fc500000,0x00000000fc500000,0x00000000ff880000)
 ParOldGen       total 227840K, used 141146K [0x00000000c0000000, 0x00000000cde80000, 0x00000000eaa80000)
  object space 227840K, 61% used [0x00000000c0000000,0x00000000c89d6b90,0x00000000cde80000)
 PSPermGen       total 21504K, used 6032K [0x00000000b5a00000, 0x00000000b6f00000, 0x00000000c0000000)
  object space 21504K, 28% used [0x00000000b5a00000,0x00000000b5fe4088,0x00000000b6f00000)
Event: 13.773 GC heap after
Heap after GC invocations=17 (full 3):
 PSYoungGen      total 287744K, used 33536K [0x00000000eaa80000, 0x00000000ffc00000, 0x0000000100000000)
  eden space 235008K, 0% used [0x00000000eaa80000,0x00000000eaa80000,0x00000000f9000000)
  from space 52736K, 63% used [0x00000000fc500000,0x00000000fe5c0000,0x00000000ff880000)
  to   space 54272K, 0% used [0x00000000f9000000,0x00000000f9000000,0x00000000fc500000)
 ParOldGen       total 227840K, used 156106K [0x00000000c0000000, 0x00000000cde80000, 0x00000000eaa80000)
  object space 227840K, 68% used [0x00000000c0000000,0x00000000c98728e0,0x00000000cde80000)
 PSPermGen       total 21504K, used 6032K [0x00000000b5a00000, 0x00000000b6f00000, 0x00000000c0000000)
  object space 21504K, 28% used [0x00000000b5a00000,0x00000000b5fe4088,0x00000000b6f00000)
}
Event: 14.344 GC heap before
{Heap before GC invocations=18 (full 3):
 PSYoungGen      total 287744K, used 268544K [0x00000000eaa80000, 0x00000000ffc00000, 0x0000000100000000)
  eden space 235008K, 100% used [0x00000000eaa80000,0x00000000f9000000,0x00000000f9000000)
  from space 52736K, 63% used [0x00000000fc500000,0x00000000fe5c0000,0x00000000ff880000)
  to   space 54272K, 0% used [0x00000000f9000000,0x00000000f9000000,0x00000000fc500000)
 ParOldGen       total 227840K, used 156106K [0x00000000c0000000, 0x00000000cde80000, 0x00000000eaa80000)
  object space 227840K, 68% used [0x00000000c0000000,0x00000000c98728e0,0x00000000cde80000)
 PSPermGen       total 21504K, used 6038K [0x00000000b5a00000, 0x00000000b6f00000, 0x00000000c0000000)
  object space 21504K, 28% used [0x00000000b5a00000,0x00000000b5fe5898,0x00000000b6f00000)
Event: 14.414 GC heap after
Heap after GC invocations=18 (full 3):
 PSYoungGen      total 289280K, used 54272K [0x00000000eaa80000, 0x0000000100000000, 0x0000000100000000)
  eden space 235008K, 0% used [0x00000000eaa80000,0x00000000eaa80000,0x00000000f9000000)
  from space 54272K, 100% used [0x00000000f9000000,0x00000000fc500000,0x00000000fc500000)
  to   space 60416K, 0% used [0x00000000fc500000,0x00000000fc500000,0x0000000100000000)
 ParOldGen       total 227840K, used 171595K [0x00000000c0000000, 0x00000000cde80000, 0x00000000eaa80000)
  object space 227840K, 75% used [0x00000000c0000000,0x00000000ca792c88,0x00000000cde80000)
 PSPermGen       total 21504K, used 6038K [0x00000000b5a00000, 0x00000000b6f00000, 0x00000000c0000000)
  object space 21504K, 28% used [0x00000000b5a00000,0x00000000b5fe5898,0x00000000b6f00000)
}
Event: 14.918 GC heap before
{Heap before GC invocations=19 (full 3):
 PSYoungGen      total 289280K, used 289280K [0x00000000eaa80000, 0x0000000100000000, 0x0000000100000000)
  eden space 235008K, 100% used [0x00000000eaa80000,0x00000000f9000000,0x00000000f9000000)
  from space 54272K, 100% used [0x00000000f9000000,0x00000000fc500000,0x00000000fc500000)
  to   space 60416K, 0% used [0x00000000fc500000,0x00000000fc500000,0x0000000100000000)
 ParOldGen       total 227840K, used 171595K [0x00000000c0000000, 0x00000000cde80000, 0x00000000eaa80000)
  object space 227840K, 75% used [0x00000000c0000000,0x00000000ca792c88,0x00000000cde80000)
 PSPermGen       total 21504K, used 6049K [0x00000000b5a00000, 0x00000000b6f00000, 0x00000000c0000000)
  object space 21504K, 28% used [0x00000000b5a00000,0x00000000b5fe8430,0x00000000b6f00000)
Event: 15.256 GC heap after
Heap after GC invocations=19 (full 3):
 PSYoungGen      total 273920K, used 35813K [0x00000000eaa80000, 0x0000000100000000, 0x0000000100000000)
  eden space 213504K, 0% used [0x00000000eaa80000,0x00000000eaa80000,0x00000000f7b00000)
  from space 60416K, 59% used [0x00000000fc500000,0x00000000fe7f9438,0x0000000100000000)
  to   space 68096K, 0% used [0x00000000f7b00000,0x00000000f7b00000,0x00000000fbd80000)
 ParOldGen       total 227840K, used 226228K [0x00000000c0000000, 0x00000000cde80000, 0x00000000eaa80000)
  object space 227840K, 99% used [0x00000000c0000000,0x00000000cdced2d8,0x00000000cde80000)
 PSPermGen       total 21504K, used 6049K [0x00000000b5a00000, 0x00000000b6f00000, 0x00000000c0000000)
  object space 21504K, 28% used [0x00000000b5a00000,0x00000000b5fe8430,0x00000000b6f00000)
}
Event: 15.340 GC heap before
{Heap before GC invocations=20 (full 4):
 PSYoungGen      total 273920K, used 35813K [0x00000000eaa80000, 0x0000000100000000, 0x0000000100000000)
  eden space 213504K, 0% used [0x00000000eaa80000,0x00000000eaa80000,0x00000000f7b00000)
  from space 60416K, 59% used [0x00000000fc500000,0x00000000fe7f9438,0x0000000100000000)
  to   space 68096K, 0% used [0x00000000f7b00000,0x00000000f7b00000,0x00000000fbd80000)
 ParOldGen       total 227840K, used 226228K [0x00000000c0000000, 0x00000000cde80000, 0x00000000eaa80000)
  object space 227840K, 99% used [0x00000000c0000000,0x00000000cdced2d8,0x00000000cde80000)
 PSPermGen       total 21504K, used 6049K [0x00000000b5a00000, 0x00000000b6f00000, 0x00000000c0000000)
  object space 21504K, 28% used [0x00000000b5a00000,0x00000000b5fe8430,0x00000000b6f00000)

