# JRE version: OpenJDK Runtime Environment (7.0_55-b14) (build 1.7.0_55-b14)
# Java VM: OpenJDK 64-Bit Server VM (24.51-b03 mixed mode linux-amd64 compressed oops)
Heap
 PSYoungGen      total 222720K, used 75095K [0x00000000eaa80000, 0x0000000100000000, 0x0000000100000000)
  eden space 117248K, 0% used [0x00000000eaa80000,0x00000000eaa80000,0x00000000f1d00000)
  from space 105472K, 71% used [0x00000000f9900000,0x00000000fe255cc0,0x0000000100000000)
  to   space 116224K, 0% used [0x00000000f1d00000,0x00000000f1d00000,0x00000000f8e80000)
 ParOldGen       total 363008K, used 362899K [0x00000000c0000000, 0x00000000d6280000, 0x00000000eaa80000)
  object space 363008K, 99% used [0x00000000c0000000,0x00000000d6264c70,0x00000000d6280000)
 PSPermGen       total 21504K, used 6117K [0x00000000b5a00000, 0x00000000b6f00000, 0x00000000c0000000)
  object space 21504K, 28% used [0x00000000b5a00000,0x00000000b5ff97d0,0x00000000b6f00000)
GC Heap History (10 events):
Event: 14.804 GC heap after
Heap after GC invocations=22 (full 4):
 PSYoungGen      total 244736K, used 72174K [0x00000000eaa80000, 0x0000000100000000, 0x0000000100000000)
  eden space 172544K, 0% used [0x00000000eaa80000,0x00000000eaa80000,0x00000000f5300000)
  from space 72192K, 99% used [0x00000000fb980000,0x00000000ffffb800,0x0000000100000000)
  to   space 88576K, 0% used [0x00000000f5300000,0x00000000f5300000,0x00000000fa980000)
 ParOldGen       total 363008K, used 244080K [0x00000000c0000000, 0x00000000d6280000, 0x00000000eaa80000)
  object space 363008K, 67% used [0x00000000c0000000,0x00000000cee5c3e8,0x00000000d6280000)
 PSPermGen       total 21504K, used 6107K [0x00000000b5a00000, 0x00000000b6f00000, 0x00000000c0000000)
  object space 21504K, 28% used [0x00000000b5a00000,0x00000000b5ff6ce8,0x00000000b6f00000)
}
Event: 15.202 GC heap before
{Heap before GC invocations=23 (full 4):
 PSYoungGen      total 244736K, used 244718K [0x00000000eaa80000, 0x0000000100000000, 0x0000000100000000)
  eden space 172544K, 100% used [0x00000000eaa80000,0x00000000f5300000,0x00000000f5300000)
  from space 72192K, 99% used [0x00000000fb980000,0x00000000ffffb800,0x0000000100000000)
  to   space 88576K, 0% used [0x00000000f5300000,0x00000000f5300000,0x00000000fa980000)
 ParOldGen       total 363008K, used 244080K [0x00000000c0000000, 0x00000000d6280000, 0x00000000eaa80000)
  object space 363008K, 67% used [0x00000000c0000000,0x00000000cee5c3e8,0x00000000d6280000)
 PSPermGen       total 21504K, used 6109K [0x00000000b5a00000, 0x00000000b6f00000, 0x00000000c0000000)
  object space 21504K, 28% used [0x00000000b5a00000,0x00000000b5ff76d8,0x00000000b6f00000)
Event: 15.307 GC heap after
Heap after GC invocations=23 (full 4):
 PSYoungGen      total 233472K, used 60828K [0x00000000eaa80000, 0x0000000100000000, 0x0000000100000000)
  eden space 172544K, 0% used [0x00000000eaa80000,0x00000000eaa80000,0x00000000f5300000)
  from space 60928K, 99% used [0x00000000f5300000,0x00000000f8e670a0,0x00000000f8e80000)
  to   space 92672K, 0% used [0x00000000fa580000,0x00000000fa580000,0x0000000100000000)
 ParOldGen       total 363008K, used 286315K [0x00000000c0000000, 0x00000000d6280000, 0x00000000eaa80000)
  object space 363008K, 78% used [0x00000000c0000000,0x00000000d179acf0,0x00000000d6280000)
 PSPermGen       total 21504K, used 6109K [0x00000000b5a00000, 0x00000000b6f00000, 0x00000000c0000000)
  object space 21504K, 28% used [0x00000000b5a00000,0x00000000b5ff76d8,0x00000000b6f00000)
}
Event: 15.717 GC heap before
{Heap before GC invocations=24 (full 4):
 PSYoungGen      total 233472K, used 233372K [0x00000000eaa80000, 0x0000000100000000, 0x0000000100000000)
  eden space 172544K, 100% used [0x00000000eaa80000,0x00000000f5300000,0x00000000f5300000)
  from space 60928K, 99% used [0x00000000f5300000,0x00000000f8e670a0,0x00000000f8e80000)
  to   space 92672K, 0% used [0x00000000fa580000,0x00000000fa580000,0x0000000100000000)
 ParOldGen       total 363008K, used 286315K [0x00000000c0000000, 0x00000000d6280000, 0x00000000eaa80000)
  object space 363008K, 78% used [0x00000000c0000000,0x00000000d179acf0,0x00000000d6280000)
 PSPermGen       total 21504K, used 6111K [0x00000000b5a00000, 0x00000000b6f00000, 0x00000000c0000000)
  object space 21504K, 28% used [0x00000000b5a00000,0x00000000b5ff7f00,0x00000000b6f00000)
Event: 15.814 GC heap after
Heap after GC invocations=24 (full 4):
 PSYoungGen      total 231424K, used 86831K [0x00000000eaa80000, 0x0000000100000000, 0x0000000100000000)
  eden space 138752K, 0% used [0x00000000eaa80000,0x00000000eaa80000,0x00000000f3200000)
  from space 92672K, 93% used [0x00000000fa580000,0x00000000ffa4bde0,0x0000000100000000)
  to   space 105472K, 0% used [0x00000000f3200000,0x00000000f3200000,0x00000000f9900000)
 ParOldGen       total 363008K, used 286315K [0x00000000c0000000, 0x00000000d6280000, 0x00000000eaa80000)
  object space 363008K, 78% used [0x00000000c0000000,0x00000000d179acf0,0x00000000d6280000)
 PSPermGen       total 21504K, used 6111K [0x00000000b5a00000, 0x00000000b6f00000, 0x00000000c0000000)
  object space 21504K, 28% used [0x00000000b5a00000,0x00000000b5ff7f00,0x00000000b6f00000)
}
Event: 16.124 GC heap before
{Heap before GC invocations=25 (full 4):
 PSYoungGen      total 231424K, used 225583K [0x00000000eaa80000, 0x0000000100000000, 0x0000000100000000)
  eden space 138752K, 100% used [0x00000000eaa80000,0x00000000f3200000,0x00000000f3200000)
  from space 92672K, 93% used [0x00000000fa580000,0x00000000ffa4bde0,0x0000000100000000)
  to   space 105472K, 0% used [0x00000000f3200000,0x00000000f3200000,0x00000000f9900000)
 ParOldGen       total 363008K, used 286315K [0x00000000c0000000, 0x00000000d6280000, 0x00000000eaa80000)
  object space 363008K, 78% used [0x00000000c0000000,0x00000000d179acf0,0x00000000d6280000)
 PSPermGen       total 21504K, used 6114K [0x00000000b5a00000, 0x00000000b6f00000, 0x00000000c0000000)
  object space 21504K, 28% used [0x00000000b5a00000,0x00000000b5ff8b58,0x00000000b6f00000)
Event: 16.219 GC heap after
Heap after GC invocations=25 (full 4):
 PSYoungGen      total 244224K, used 105462K [0x00000000eaa80000, 0x0000000100000000, 0x0000000100000000)
  eden space 138752K, 0% used [0x00000000eaa80000,0x00000000eaa80000,0x00000000f3200000)
  from space 105472K, 99% used [0x00000000f3200000,0x00000000f98fd9f0,0x00000000f9900000)
  to   space 105472K, 0% used [0x00000000f9900000,0x00000000f9900000,0x0000000100000000)
 ParOldGen       total 363008K, used 288528K [0x00000000c0000000, 0x00000000d6280000, 0x00000000eaa80000)
  object space 363008K, 79% used [0x00000000c0000000,0x00000000d19c42f0,0x00000000d6280000)
 PSPermGen       total 21504K, used 6114K [0x00000000b5a00000, 0x00000000b6f00000, 0x00000000c0000000)
  object space 21504K, 28% used [0x00000000b5a00000,0x00000000b5ff8b58,0x00000000b6f00000)
}
Event: 16.662 GC heap before
{Heap before GC invocations=26 (full 4):
 PSYoungGen      total 244224K, used 244214K [0x00000000eaa80000, 0x0000000100000000, 0x0000000100000000)
  eden space 138752K, 100% used [0x00000000eaa80000,0x00000000f3200000,0x00000000f3200000)
  from space 105472K, 99% used [0x00000000f3200000,0x00000000f98fd9f0,0x00000000f9900000)
  to   space 105472K, 0% used [0x00000000f9900000,0x00000000f9900000,0x0000000100000000)
 ParOldGen       total 363008K, used 288528K [0x00000000c0000000, 0x00000000d6280000, 0x00000000eaa80000)
  object space 363008K, 79% used [0x00000000c0000000,0x00000000d19c42f0,0x00000000d6280000)
 PSPermGen       total 21504K, used 6118K [0x00000000b5a00000, 0x00000000b6f00000, 0x00000000c0000000)
  object space 21504K, 28% used [0x00000000b5a00000,0x00000000b5ff9870,0x00000000b6f00000)
Event: 16.794 GC heap after
Heap after GC invocations=26 (full 4):
 PSYoungGen      total 222720K, used 96994K [0x00000000eaa80000, 0x0000000100000000, 0x0000000100000000)
  eden space 117248K, 0% used [0x00000000eaa80000,0x00000000eaa80000,0x00000000f1d00000)
  from space 105472K, 91% used [0x00000000f9900000,0x00000000ff7b8b40,0x0000000100000000)
  to   space 116224K, 0% used [0x00000000f1d00000,0x00000000f1d00000,0x00000000f8e80000)
 ParOldGen       total 363008K, used 347837K [0x00000000c0000000, 0x00000000d6280000, 0x00000000eaa80000)
  object space 363008K, 95% used [0x00000000c0000000,0x00000000d53af7a8,0x00000000d6280000)
 PSPermGen       total 21504K, used 6118K [0x00000000b5a00000, 0x00000000b6f00000, 0x00000000c0000000)
  object space 21504K, 28% used [0x00000000b5a00000,0x00000000b5ff9870,0x00000000b6f00000)
}
Event: 16.794 GC heap before
{Heap before GC invocations=27 (full 5):
 PSYoungGen      total 222720K, used 96994K [0x00000000eaa80000, 0x0000000100000000, 0x0000000100000000)
  eden space 117248K, 0% used [0x00000000eaa80000,0x00000000eaa80000,0x00000000f1d00000)
  from space 105472K, 91% used [0x00000000f9900000,0x00000000ff7b8b40,0x0000000100000000)
  to   space 116224K, 0% used [0x00000000f1d00000,0x00000000f1d00000,0x00000000f8e80000)
 ParOldGen       total 363008K, used 347837K [0x00000000c0000000, 0x00000000d6280000, 0x00000000eaa80000)
  object space 363008K, 95% used [0x00000000c0000000,0x00000000d53af7a8,0x00000000d6280000)
 PSPermGen       total 21504K, used 6118K [0x00000000b5a00000, 0x00000000b6f00000, 0x00000000c0000000)
  object space 21504K, 28% used [0x00000000b5a00000,0x00000000b5ff9870,0x00000000b6f00000)

