# JRE version: OpenJDK Runtime Environment (7.0_55-b14) (build 1.7.0_55-b14)
# Java VM: OpenJDK 64-Bit Server VM (24.51-b03 mixed mode linux-amd64 compressed oops)
Heap
 PSYoungGen      total 283136K, used 27853K [0x00000000eaa80000, 0x00000000ffd80000, 0x0000000100000000)
  eden space 230400K, 0% used [0x00000000eaa80000,0x00000000eaa80000,0x00000000f8b80000)
  from space 52736K, 52% used [0x00000000fbf80000,0x00000000fdab3450,0x00000000ff300000)
  to   space 53248K, 0% used [0x00000000f8b80000,0x00000000f8b80000,0x00000000fbf80000)
 ParOldGen       total 157696K, used 157341K [0x00000000c0000000, 0x00000000c9a00000, 0x00000000eaa80000)
  object space 157696K, 99% used [0x00000000c0000000,0x00000000c99a77c0,0x00000000c9a00000)
 PSPermGen       total 21504K, used 6028K [0x00000000b5a00000, 0x00000000b6f00000, 0x00000000c0000000)
  object space 21504K, 28% used [0x00000000b5a00000,0x00000000b5fe30c8,0x00000000b6f00000)
GC Heap History (10 events):
Event: 7.157 GC heap after
Heap after GC invocations=12 (full 1):
 PSYoungGen      total 214528K, used 25723K [0x00000000eaa80000, 0x00000000fad80000, 0x0000000100000000)
  eden space 183296K, 0% used [0x00000000eaa80000,0x00000000eaa80000,0x00000000f5d80000)
  from space 31232K, 82% used [0x00000000f5d80000,0x00000000f769ece8,0x00000000f7c00000)
  to   space 34304K, 0% used [0x00000000f8c00000,0x00000000f8c00000,0x00000000fad80000)
 ParOldGen       total 81408K, used 73235K [0x00000000c0000000, 0x00000000c4f80000, 0x00000000eaa80000)
  object space 81408K, 89% used [0x00000000c0000000,0x00000000c4784fc0,0x00000000c4f80000)
 PSPermGen       total 21504K, used 5984K [0x00000000b5a00000, 0x00000000b6f00000, 0x00000000c0000000)
  object space 21504K, 27% used [0x00000000b5a00000,0x00000000b5fd8088,0x00000000b6f00000)
}
Event: 7.157 GC heap before
{Heap before GC invocations=13 (full 2):
 PSYoungGen      total 214528K, used 25723K [0x00000000eaa80000, 0x00000000fad80000, 0x0000000100000000)
  eden space 183296K, 0% used [0x00000000eaa80000,0x00000000eaa80000,0x00000000f5d80000)
  from space 31232K, 82% used [0x00000000f5d80000,0x00000000f769ece8,0x00000000f7c00000)
  to   space 34304K, 0% used [0x00000000f8c00000,0x00000000f8c00000,0x00000000fad80000)
 ParOldGen       total 81408K, used 73235K [0x00000000c0000000, 0x00000000c4f80000, 0x00000000eaa80000)
  object space 81408K, 89% used [0x00000000c0000000,0x00000000c4784fc0,0x00000000c4f80000)
 PSPermGen       total 21504K, used 5984K [0x00000000b5a00000, 0x00000000b6f00000, 0x00000000c0000000)
  object space 21504K, 27% used [0x00000000b5a00000,0x00000000b5fd8088,0x00000000b6f00000)
Event: 7.527 GC heap after
Heap after GC invocations=13 (full 2):
 PSYoungGen      total 214528K, used 14314K [0x00000000eaa80000, 0x00000000fad80000, 0x0000000100000000)
  eden space 183296K, 0% used [0x00000000eaa80000,0x00000000eaa80000,0x00000000f5d80000)
  from space 31232K, 45% used [0x00000000f5d80000,0x00000000f6b7ab88,0x00000000f7c00000)
  to   space 34304K, 0% used [0x00000000f8c00000,0x00000000f8c00000,0x00000000fad80000)
 ParOldGen       total 141824K, used 81129K [0x00000000c0000000, 0x00000000c8a80000, 0x00000000eaa80000)
  object space 141824K, 57% used [0x00000000c0000000,0x00000000c4f3a708,0x00000000c8a80000)
 PSPermGen       total 21504K, used 5983K [0x00000000b5a00000, 0x00000000b6f00000, 0x00000000c0000000)
  object space 21504K, 27% used [0x00000000b5a00000,0x00000000b5fd7e08,0x00000000b6f00000)
}
Event: 9.621 GC heap before
{Heap before GC invocations=14 (full 2):
 PSYoungGen      total 214528K, used 197610K [0x00000000eaa80000, 0x00000000fad80000, 0x0000000100000000)
  eden space 183296K, 100% used [0x00000000eaa80000,0x00000000f5d80000,0x00000000f5d80000)
  from space 31232K, 45% used [0x00000000f5d80000,0x00000000f6b7ab88,0x00000000f7c00000)
  to   space 34304K, 0% used [0x00000000f8c00000,0x00000000f8c00000,0x00000000fad80000)
 ParOldGen       total 141824K, used 81129K [0x00000000c0000000, 0x00000000c8a80000, 0x00000000eaa80000)
  object space 141824K, 57% used [0x00000000c0000000,0x00000000c4f3a708,0x00000000c8a80000)
 PSPermGen       total 21504K, used 6004K [0x00000000b5a00000, 0x00000000b6f00000, 0x00000000c0000000)
  object space 21504K, 27% used [0x00000000b5a00000,0x00000000b5fdd2a0,0x00000000b6f00000)
Event: 9.850 GC heap after
Heap after GC invocations=14 (full 2):
 PSYoungGen      total 226816K, used 30368K [0x00000000eaa80000, 0x00000000fce00000, 0x0000000100000000)
  eden space 192512K, 0% used [0x00000000eaa80000,0x00000000eaa80000,0x00000000f6680000)
  from space 34304K, 88% used [0x00000000f8c00000,0x00000000fa9a8010,0x00000000fad80000)
  to   space 38400K, 0% used [0x00000000f6680000,0x00000000f6680000,0x00000000f8c00000)
 ParOldGen       total 141824K, used 94702K [0x00000000c0000000, 0x00000000c8a80000, 0x00000000eaa80000)
  object space 141824K, 66% used [0x00000000c0000000,0x00000000c5c7b960,0x00000000c8a80000)
 PSPermGen       total 21504K, used 6004K [0x00000000b5a00000, 0x00000000b6f00000, 0x00000000c0000000)
  object space 21504K, 27% used [0x00000000b5a00000,0x00000000b5fdd2a0,0x00000000b6f00000)
}
Event: 11.228 GC heap before
{Heap before GC invocations=15 (full 2):
 PSYoungGen      total 226816K, used 222880K [0x00000000eaa80000, 0x00000000fce00000, 0x0000000100000000)
  eden space 192512K, 100% used [0x00000000eaa80000,0x00000000f6680000,0x00000000f6680000)
  from space 34304K, 88% used [0x00000000f8c00000,0x00000000fa9a8010,0x00000000fad80000)
  to   space 38400K, 0% used [0x00000000f6680000,0x00000000f6680000,0x00000000f8c00000)
 ParOldGen       total 141824K, used 94702K [0x00000000c0000000, 0x00000000c8a80000, 0x00000000eaa80000)
  object space 141824K, 66% used [0x00000000c0000000,0x00000000c5c7b960,0x00000000c8a80000)
 PSPermGen       total 21504K, used 6016K [0x00000000b5a00000, 0x00000000b6f00000, 0x00000000c0000000)
  object space 21504K, 27% used [0x00000000b5a00000,0x00000000b5fe00f8,0x00000000b6f00000)
Event: 11.295 GC heap after
Heap after GC invocations=15 (full 2):
 PSYoungGen      total 230912K, used 38379K [0x00000000eaa80000, 0x00000000ff300000, 0x0000000100000000)
  eden space 192512K, 0% used [0x00000000eaa80000,0x00000000eaa80000,0x00000000f6680000)
  from space 38400K, 99% used [0x00000000f6680000,0x00000000f8bfad58,0x00000000f8c00000)
  to   space 52736K, 0% used [0x00000000fbf80000,0x00000000fbf80000,0x00000000ff300000)
 ParOldGen       total 141824K, used 117351K [0x00000000c0000000, 0x00000000c8a80000, 0x00000000eaa80000)
  object space 141824K, 82% used [0x00000000c0000000,0x00000000c7299d58,0x00000000c8a80000)
 PSPermGen       total 21504K, used 6016K [0x00000000b5a00000, 0x00000000b6f00000, 0x00000000c0000000)
  object space 21504K, 27% used [0x00000000b5a00000,0x00000000b5fe00f8,0x00000000b6f00000)
}
Event: 11.921 GC heap before
{Heap before GC invocations=16 (full 2):
 PSYoungGen      total 230912K, used 230891K [0x00000000eaa80000, 0x00000000ff300000, 0x0000000100000000)
  eden space 192512K, 100% used [0x00000000eaa80000,0x00000000f6680000,0x00000000f6680000)
  from space 38400K, 99% used [0x00000000f6680000,0x00000000f8bfad58,0x00000000f8c00000)
  to   space 52736K, 0% used [0x00000000fbf80000,0x00000000fbf80000,0x00000000ff300000)
 ParOldGen       total 141824K, used 117351K [0x00000000c0000000, 0x00000000c8a80000, 0x00000000eaa80000)
  object space 141824K, 82% used [0x00000000c0000000,0x00000000c7299d58,0x00000000c8a80000)
 PSPermGen       total 21504K, used 6028K [0x00000000b5a00000, 0x00000000b6f00000, 0x00000000c0000000)
  object space 21504K, 28% used [0x00000000b5a00000,0x00000000b5fe31a8,0x00000000b6f00000)
Event: 12.064 GC heap after
Heap after GC invocations=16 (full 2):
 PSYoungGen      total 283136K, used 31124K [0x00000000eaa80000, 0x00000000ffd80000, 0x0000000100000000)
  eden space 230400K, 0% used [0x00000000eaa80000,0x00000000eaa80000,0x00000000f8b80000)
  from space 52736K, 59% used [0x00000000fbf80000,0x00000000fdde52c8,0x00000000ff300000)
  to   space 53248K, 0% used [0x00000000f8b80000,0x00000000f8b80000,0x00000000fbf80000)
 ParOldGen       total 157696K, used 155982K [0x00000000c0000000, 0x00000000c9a00000, 0x00000000eaa80000)
  object space 157696K, 98% used [0x00000000c0000000,0x00000000c9853a50,0x00000000c9a00000)
 PSPermGen       total 21504K, used 6028K [0x00000000b5a00000, 0x00000000b6f00000, 0x00000000c0000000)
  object space 21504K, 28% used [0x00000000b5a00000,0x00000000b5fe31a8,0x00000000b6f00000)
}
Event: 12.077 GC heap before
{Heap before GC invocations=17 (full 3):
 PSYoungGen      total 283136K, used 31124K [0x00000000eaa80000, 0x00000000ffd80000, 0x0000000100000000)
  eden space 230400K, 0% used [0x00000000eaa80000,0x00000000eaa80000,0x00000000f8b80000)
  from space 52736K, 59% used [0x00000000fbf80000,0x00000000fdde52c8,0x00000000ff300000)
  to   space 53248K, 0% used [0x00000000f8b80000,0x00000000f8b80000,0x00000000fbf80000)
 ParOldGen       total 157696K, used 155982K [0x00000000c0000000, 0x00000000c9a00000, 0x00000000eaa80000)
  object space 157696K, 98% used [0x00000000c0000000,0x00000000c9853a50,0x00000000c9a00000)
 PSPermGen       total 21504K, used 6028K [0x00000000b5a00000, 0x00000000b6f00000, 0x00000000c0000000)
  object space 21504K, 28% used [0x00000000b5a00000,0x00000000b5fe31a8,0x00000000b6f00000)

